Electrostatic potential parameters

Grid information (see 1_default_grid.dat in Angstrom)
    Number of grid points:            539

Quantum electrostatic potential (see 1_default_grid_esp.dat)

Constraints
    Charge constraints
        Total charge of   0.81391083 on the set   2
        Total charge of  -0.60462126 on the set   3
        Total charge of  -0.66357945 on the set   4
        Total charge of   0.45359779 on the set   8
    Equality constraints
        Equal charges on atoms
                                  5   6   7

Restraint
    Hyperbolic restraint to a charge of zero
    Hydrogen atoms are not restrained
    resp_a:                           0.0010
    resp_b:                           0.1000

Fit

Electrostatic Potential Charges
   Center  Symbol       ESP      RESP
      1    C      -0.31361990 -0.29781455
      2    C       0.81391083  0.81391083
      3    O      -0.60462126 -0.60462126
      4    O      -0.66357945 -0.66357945
      5    H       0.10477066  0.09950221
      6    H       0.10477066  0.09950221
      7    H       0.10477066  0.09950221
      8    H       0.45359779  0.45359779
Total Charge:      0.00000000  0.00000000
