Electrostatic potential parameters

Grid information (see 1_default_grid.dat in Angstrom)
    Number of grid points:            1090

Quantum electrostatic potential (see 1_default_grid_esp.dat)

Constraints
    Charge constraints
        Total charge of   0.07076475 on the set   2
        Total charge of   0.08501915 on the set   3
        Total charge of  -0.47143402 on the set   4
        Total charge of   0.12600522 on the set   5
        Total charge of  -0.10081490 on the set   6
        Total charge of   0.36323631 on the set   7
        Total charge of  -0.49566852 on the set   8
        Total charge of  -0.04585384 on the set   9
        Total charge of   0.36242976 on the set  10
        Total charge of  -0.52853230 on the set  11
        Total charge of   0.02495502 on the set  12
        Total charge of   0.17300445 on the set  18
    Equality constraints
        Equal charges on atoms
                                 15  16  17
                                 19  20  21
                                 22  23  24

Restraint
    Hyperbolic restraint to a charge of zero
    Hydrogen atoms are not restrained
    resp_a:                           0.0010
    resp_b:                           0.1000

Fit

Electrostatic Potential Charges
   Center  Symbol       ESP      RESP
      1    C      -0.23824155 -0.20077687
      2    N       0.07076475  0.07076475
      3    C       0.08501915  0.08501915
      4    N      -0.47143402 -0.47143402
      5    C       0.12600522  0.12600522
      6    C      -0.10081490 -0.10081490
      7    C       0.36323631  0.36323631
      8    O      -0.49566852 -0.49566852
      9    N      -0.04585384 -0.04585384
     10    C       0.36242976  0.36242976
     11    O      -0.52853230 -0.52853230
     12    N       0.02495502  0.02495502
     13    C       0.03205394  0.00600458
     14    C      -0.04490091 -0.03370618
     15    H       0.12194532  0.11020501
     16    H       0.12194532  0.11020501
     17    H       0.12194532  0.11020501
     18    H       0.17300445  0.17300445
     19    H       0.04256516  0.05006123
     20    H       0.04256516  0.05006123
     21    H       0.04256516  0.05006123
     22    H       0.06481533  0.06152289
     23    H       0.06481533  0.06152289
     24    H       0.06481533  0.06152289
Total Charge:     -0.00000000  0.00000000
